<?xml version="1.0" encoding="UTF-8"?>
<testsuite name="com.local.calculator.CalculatorTest" tests="1" skipped="0" failures="0" errors="0" timestamp="2018-05-06T13:02:19" hostname="nehal-VirtualBox" time="0.001">
  <properties/>
  <testcase name="testSum" classname="com.local.calculator.CalculatorTest" time="0.001"/>
  <system-out><![CDATA[]]></system-out>
  <system-err><![CDATA[]]></system-err>
</testsuite>
